<?xml version="1.0" encoding="UTF-8"?>
<!-- Generated by org.testng.reporters.JUnitReportReporter -->
<testsuite hostname="LAPTOP-T931C74M" failures="0" tests="1" name="BootCamp2022.ExpediaWebSiteBootCamp.ExpidaWebSiteTest" time="10.902" errors="0" timestamp="2022-11-15T14:14:49 EST" skipped="0">
  <testcase classname="BootCamp2022.ExpediaWebSiteBootCamp.ExpidaWebSiteTest" name="f" time="10.902"/>
  <system-out/>
</testsuite> <!-- BootCamp2022.ExpediaWebSiteBootCamp.ExpidaWebSiteTest -->
